U2FsdGVkX19xL6YVfLCqvoE4nMc3ffabgrmu+eI+NrniePY/1rEBLC522JNLZgdS
Z9lYLDpq2O+OQbXJzbw+Sa6SBGtr1LiqaPXKlr/Uld709A2WAy6Go3+W4tRpAH27
NGrTg4okjKrLKl7OljIyo53fXey5lJkEJ/Dwa6xCM3xqKBSQXEgYajI38FXzMTCF
0GDdepjgV4Zq1LoK9qMTN/JOwNQhKdWYXpqjp7hnfh5xYn9xthXY5GnoNJ9pIniR
UJmRNVOh/BCQNlvPvLXZrykV4KBAXljT6LnC010kKZ5B73V2/2p+d4Ty6XdxZA1o
dya5tF0BxjAflDhazxTPiWXBliq5phWV7TG0/iWeuZxc4y2Cj1Uimv6bzYoK3izq
v1Y1UbVmp469cmfTpuS6pNxt5xr6W+fEGbLwpuP5MONO6SxjGjSidcXBSMWtHJQw
0Xa+2H7z7kAjR6ztc6gIZr7rGh719NtSwuaFwzG5wnRdj4jM4UlYeoNye+61JR/7
jUZ8Ntxx+kQKl+e3eNnx7rollz7lpuMVLz5s6OsmTMYc5mz+9WGrbeqyorw8vxWx
IRsdwLvB8mL8HBaGNfzQOKa/lyoaVcXUa6dpVkdiGDYjfqFniIOx74dfzCzRKHzL
6KP+zivJCw4EYV4qhpjUTXTsQoQMEUcLcvthxGL+s/lzj7n+4ndsKQSsLIlOFwur
LjA2vhTeRyxCyITuyHh+l3f4zvMQ334pnl8mIPH1ycA8DigNP8wDsqglMXmHavga
785bfhAX7Vh60fkwvVZx8NhMiglO/FDN08SKlxw6XeDUvhsDkZaTXTaohMsSPODZ
FYn7bf0rhHCH/zGZrXRdvoTXQ2EzfHvDnRl0zq1M92cmv7AlpnZIeV0KrfrRn/x/
py0uqkGu+abqUsP3vO6aahe4e0mMWfQmtJj8LFTt2i4CVGFW/Fsr6k2463tgdi7d
KF852ULYhMsMrbDhUIiQVJDwZM6Xr+4rLck8aiUvocjo1CMJxixeOSguuOKTa29X
nYvW/R30uY7HgqTITa2UdbvvPbioDbtXbk+3KODww+d5B0ehoPP24nxxlObMMIXG
C5PymsTifZOOBn+9W5JCQ38b7S7gT0xKd2uKWrRk6udHi5NpjqoKGAUTRTsbH4Yz
EcNL6BBS0+QVxyT5X1ovKa1rjt2L6swB1jNIuEcjJD74mhg5WqsUgids3flgzxHS
I49Ptdgh5kQTGCaYztGZ2Ymu5u6KxPJxklQI2kCFjgBhXURr+E6n78SfBEKaOLb7
FC37QPAm6utzjqWuZwOBrlcUal0QD5LeJO4atwilTAp1ypdaLCU9kJEwqh2B11x9
ZxF0Qh7mS53StMbrHxk38ZG33J/vvGoIQ0h+Ox3x2ScCrznJRw9WhSwa6THQYHZM
3Y1G5Yl41n9bHoWSM4pcy7OHyvHX/P/MnaMkDP6UIkASCAVUUjBMGyDyiamzXt1i
edA7DH45NpNPM1oY+VWzST5AGLDzDyrWXQIn2dsqk4aRGJgo76ppu0W7bicAa4k0
zZvB1y4LAOJN0SNnfFx1qMfHsrUk1CxI0dVJl6q0J19d7Rfjgn+1lrBPSeuvydsx
+1KeBBFa+xpsWYySNA8+pTHKhF+eoJmgse3zJM7lhTOmUaR3hBzZZJB8PsoElD6F
qcGnl0MrU3kstXANWTgp9AU0soKioWjjjXqAPstCLkOHZO8N4j+eBKpSDBoFQT35
XLOM7zae/Gy3i7v2MDFtu6kcxCNy6WX5tTXXPq3kgUJJvat2ONo/ydOORt7pzEO3
+bWi4AD7KmwrUAL6IdmBstCS7CD2+FzDfY4pMIGvxFTLqzmBzNdfJVkyMUmeCFos
UpQx6RMShmfJzJIMuwQfBn2ww1zEO4r1Za6WMxOZR1xoIuhfN5N0N8ZOAuXxCNmB
iQEDH4aon5J1rhEdEnE+vFop0Lym7j2D+94uA/vo5cebNpvLhM2klWsx8785FpxD
rjzwATSDbmcRrZvH1fenbtTVVOmaIUtuxu0mAigjKvdfD/DbTUnWXDZgwUm6KZ25
jkgOF2t1e5AlnjaeEqRCobgg9pkZrpgRlXT4DVSOvAYYChuAQ7Fb9vSOkapXCje+
f4zzgnz8VMFZu5V5UCMizUcqtg4guNUeCe/Bvl5YSDZDkf+WigO635pCK1931iRj
gnMtS/tBAIUlIx+54F8HsKSa7g+8MYfIPu0ocNOu84F+Obg8IW9rHocRyKPMrQA6
PU/Gjyi66EBYJm0h10T6oVLc4O5PCXLGd1Oi/hUfUYEaAb3xJA3fQRbnhXSOgIii
0nncE8rIP5IO6ujzVnZR+whl1Ry6qKHjYdsGd85JCy2Jvzuu8Kd7NZjUFVkiDb7/
FjlaHI2Uv149Wpoa5TpamL8QrMs88eyqWhyr0escVjKuoXO+xwzr3asGog4ps9wo
1TnXD4ZGPg0rIfaxhmO02vyZjusT+Ij0ZvKmJ1tX3z3XmirOuHfI4cd1XjbdDELA
GeqO48AQ6ulcnHJAFwn1GPzGYIcIbx5KRuE3jOgEnS4EvxMSHtD0UPRKIh+ukjq9
LoYx0Z9XotWCvc+M3Yo7kfHTcGyp6neciEJyDqYTygpqKNzYh1NIcZsRN3qAsJMR
2wa2U12/lydCYXQDIUnrk8esDDU1d8pmp07C2bsCF7EqCsjA2I9GvofQ4tjoxJNY
9LTjcfEE/dJ8PfRq05R32MZo3b8SmrqvrZzFF3OxkMWqloMwKgmdn2aBA5V/c/25
tW4XkPjwhfAUiG9zEwdk82p+dHLTy/dxfR7a7iO0aH8fZuNa/z4Wyevolu3HEV2E
DMJhHOfueU8Bd4X+DqXFiqcOaC1M/myQPYFsb8pqvkGE2a5yBqCEW7HkZ2lBO8IO
KY/j5fCnAgvT2/HOWYqSuDJoMudpJoQrt66pGXEvvH9JbL17txHYgUcU344KNSdr
RkBynJjl6CGjvEz/zm/Rzx6dJurt2iUQ8CAg/C7q6WQTkLmG6CHkBufPUzYgMVuS
8SQjs1oYN9qfv/6a1edHoqqE58PlS8LIycTbh9XJfrdZtAA14zMu0d+AZvEHEePB
EgjOFy3TP2M8FMUj+X4PSCbp9VmJg3mlyTQHAKuTHoDEmEw7ACTR3HnyBwGONgJW
nJpq3U9h3IdMGaItUlV9VD08aF0XktrHgVTTVVPsWWc4m58B1wZ/49LRe0BWn6Xd
MXpa1kMPcsgdSyEVWGQzEJEvqRmm5WbFTEWBvRJQPsgO7MAKKQt1ezj2pGkCuXmA
TdG7vMz0eIE1wzxTujIdQKE8w7V1A3busd1ZiAYE2vddVJ1daqAambCPTWu70NGn
lvQcmR3jI7DURM2rXtpViHUhufjpFBFavRoWOS2oOINKK69EkDe2Or3yea0Vz+7z
bpxGKUT0Iu9nlrwKULbzwm22S8HqM8YQ8rpYXGOBFH9AmeARujEjJXoDNIg3wRp3
VrB0YFNM1ktjyC4DHCCZ2WDGRejP/IYFxxc01RfYEWRotwhKuWAbiHHM5Cpb/O1n
tMMHg3HJnnZon8hzPUf9d5JUb1B3O5t17aGMrEjqok+dCgHiWGxlPlBfNG5luQ0F
eY3ybMv8yfNigKx0xDFJKTAefHQFDhM0hSSSppX9ycMBji47SzvxddNPp0jljQJn
Mw+hsviJ/RmPfWcwtx+wqz9clD5zNxlanPNhHKG+E1rR541FIkckQyip0DnUlBJn
xrObi530tFb1BAvJDHVcNfraLZSlnykzhcmXe8wS6NdqoLGrIAMfRHI2NcsfA5y4
6pP4CkckHIwxeynI4DRvX9hHiKM/zRt2NfR+I7zhAbwJ0/rlkhNOMJQRYG4wS9KX
2mssmPb5gXP1nRyu0mBtMOrr7XyM/6/lbQVriZZ94FQcFFlqzcrZGhK6+OwwEaVu
km/3AD6rdqBw+6H4GfDokraGAV30IOaqvIYAESB2f/FSxxjqvI3sR/6FmxLHa0DN
KYFSpWmZmxpWNoGElG05Bi9ohoQzpauydTEZ4JE7J7xtZEORZYsSKn/ALe3kSaMe
RydtlBaFSRlcuvGDwszxxyPSQLXbV/lvcc1oXjfp/j8efg4zQNl4LYh3fEr8WPmf
jVWu52QnedjE0bc4QXwEzX0QVtWcwNe5l2xkMh5pHcIwRj057AbNsSN3MvabVv9s
EbYWeY9P0gU9MOau2No6l8m5bq0oBBDGuYBtPtq/0EAFCeQLtE7Dim6ADAwcNhhJ
FVjr+RkiZKeTupD2Ncm/MSvQBpxlaFzWC3Ji2HuvaGvV7VyDxVYStkAHrzmC2ozb
p342ZnzXiQ0DV9z1cKmK1LCYEuODglSKT+DWz64m6MQkoXSoc2Z36caRCGzgMYaK
Lf+oRsRnUEqpLIP8/jhbLHK/Wv9Cq/TXsdZqcZt6Qsf3ni1iMtbt3BeGm+ANjXTx
jzYcr7dUjnakE6TqWSKc7b5LbxLqtte32dfDncP1rK1CtYCh8k3b5G0ZGAZu/Wh+
gMCnn19OFIMRkAEm6w5E5LbwygGW/y8/ruESKS00tmZzWMCAng+kKXbMnGb/EH2M
Ic+pTvCyNNF/dMHJyAaaZ2fhKfv6k13JJB4gOnbCl9M380JUF7GaOWDZFKysAqqW
pqLyk77EbA+eD3eDMJ3wHsBdhH6R/+WyqlumbzT828Wvwx2556vFNFmUXwH/uhNG
Eqo7FqDcKcgfXpqIuNNSbbeWi+/rmYaT39B+2I/0eu/WTRWJDVoMK3PDH6topqa7
6O5ioZhruy4f1+I6xnCv3JDBomn8y035INYpV3mdbqo9FFDYYZRQ6QeSf6HCfW7b
xN8ZfdbhOlEFebgQoOLTXyeyM8BAiKd0TSdGatutcUd5iIyJWWCjWfHmk7f5U/Bw
Wl/qqbOvlspXWJvDVt9Ev+dEsc52uLLTp+aSep9DYrpmVZ81Y+yxkOUd6eGXUB4m
ZAplfrQrpRfZgXW5T5pGIk4Ku23YneWieBTFggs1gp/msS9Wv+fS3m4C3zeMqU3n
2aIFPK93BbkWvJGrpcxcH5+gnTG/AGGQNziENv+WCCVR/XZKRPL0o3CnKVVJ4A88
+VEcclMCoHMVUhyrIyNKh3iLHxG3NaAHyFNHaIcrNZKsF4kIvm8oEN24YH3v8lj+
CPR+YTJxq/jxp8nfzKprjtJemL2vgE6W7LlI7tn8jc0wQHllpGNibf2IMZyQCNKd
/1xMDx/WPKCP40jj4ttruhxNmPSJlSU4Ih+ccnDp27NuvAzANhn1Ty/H8g6VwvYK
6jpo8RYXM0YaqN2r2gSRsIKrTE9iVjM8ZAReSlAlxzfQGNoh4nQ06R8IObna121N
tPW0eF1EbEtKPAL7rniliqNDbybHuXsII2KQBi4qQ5GjfaRM85IYPSAc5Y+eXHGF
fZ3+/lhVrmtt1HA4+7BY1742SY5NNT57Ts/kT2tFwWGPIQWuUH/MGTXAYa/bcHke
rgwu/1dMc2p7EJ0GntOc13dwtTti7hdPK+A37WadZn/J5q8Dz1Ou6st9VtvreHAI
9Mkoa97tZu0gDedI8iLhIA1kf22e56xKIYQkq0xEk1F3MWcS/w3GblZD5GkjOg0a
bVn+vNO+6Bl/7k1tF4FcGUOlhLGfkXqoq5vYxuT1SmtbDAIM1LhJ4CN2WZtQ4d2J
N+7960UKFB3gydeSsDfdjHPtqetgRDfn4mMpNJCkva3bf8v46TDQ/yLY83sv131N
f6jKw3Xy3GyeGWgH2wcGp6+EhWEejDUYidDj/7bEoVZFNuGHYTvOjw4RXPTMPBLR
Lhg8HlMRrZZYyIZBslP1UpDVQEzE6ivcSUgDm0HHvDTZnL7V74WLoZ3fIFFTbX81
3cr4FhdRrwVwJe9VY6lL4gUMCSNPKGjmrOIwxAHVonUkNd6ImFRmztRGVl2N7MxU
d+xmIRF9kncq7Rs+mPIom04X3Eq0bXRRPo8Y9pfF+s1AAuE36SombH4YI54DTm2k
4m/5G+7XFo3xRY8exj/P0aunY6qX8hsaBQzY7T/OReR+Uwie3weEZCHKjXAaq8CY
MdNxpu2rtyVl+3lVJKS8ttaXur0vFLePpN85KtOEomO0QDIa0WsyjjwxvGvfs1aX
L54gNFTA07T5Jp66xLnSqnZ+tGnrjOg5HgCN96VC/+ArJb7u2diJrnv2xhg4YhJS
5MBf31hoAfwy//OnA/9s61OxrWe/XAFVvs2zMaar+U/ntyqMNbE2olCKNPqVDiL1
1zdZ6cbP9lVkgA/DSq2aRmprnomGGkSzQYHG4GrWBylvDz6krliLJCVMog1z831g
gP70LpjyTJ5P1oMUsCkcaEdRqrsvjl9PgyoOvKiY1VC5yGkGAmW+iBBmq+FHCrze
6MgaJ+tpRsr5Gc/0idXAyMUN2K1WLBTzajQspTSm6Rhq8uB5sraTjAX8mIabKF6r
lwwBxcXPZ/eUzjgpfuTnoujPIYS8gIQ3OB0GafKuVtdB/t+2Fp5oGBHXzslHprN+
daAfANCv0RIIMjxv+GkSiKHvBY69C4/YSxNwYTiQgAoXIeVQgvjYzgS3Lr2KNhw3
MSGhBE9TpxiSV4PHTOHwF5Rhc4adBgplcFrrx4G0e9Xo0UjxPDpDg4jaFMsUT4JJ
7S9FCSHRPhOhKG/jcNt37K2DQ3XkrO79+mIsQP0J1LDnR6hIX3RdaSeFLSEXq9fz
/KW7QIkCBzzG5fv81WCvLOxNZFMPGdsITSlRH+ida4fs8p/1JJ28+hHdEWWxIdJH
QB3ylBtw2RCVPA3fPk1+e3bIQl9Z8eyEKOYcbzz/qThznPuO6UHy8n04MvTuS5O8
55GhABJvh1T8NXGH0Rl74/8T4CPvA6OqZ40w2jphlHd2MHRGDHBdezSOcNwJbnmv
H7EUqq1DBtar/mVQvcELXnzF8B36x4ZSJ40LIKc2qSpgo+m7pCI4kpM6nok7HeZ/
vtjnIAT8RliRnoXIXBJDFy6jCIOlC41dFLsxKkMHoispXB8iVkPdk3u7dDwOIjQf
r/0w7CkWvr0UVSZfLuV9qGyOeaPdEFJsACKTxoETc1b5eHq0p4+xF943Hhi5yJDw
5ABNy2v4sc+rwvzuM51obhLXndED6a75CAlD98x+wGbFIvqycwWREm8N3dW/TZKB
r9Ja99pQNZaWuD4UCTC3S7RQlByC4PUYsJS5qdHUEDfOLKXqkSWxt62I3kIKKtk8
9x37hpOiCSO74GlgyPK3nNjUgwo+neowFH6UzQqGkJ0t2mi+HcHKQi2ROTZtIcOt
TsouWoYhc2gPO+ZZjYEqPJa3Hc0EOYpXlDnsXixHrhKuOCpiXD6SaeqnyUJqnpKn
ybBmrL6hXaOuQoeVN3sheoEtiPnNiWD9Iio3nMOO3aVXOnLMlA0O4XTKKQPJn/zG
SQLpWATsKF8DqLTpmmtPh0cNkig2dlldgcGJx8MCjTqXq1BgXuL9MmK8YSyBFWkq
5iHT4RvIItI34j92SS7ZLfe2uIwVPh6SCMSsQVndnLuWDKDqHz4x2UuUSMKSZegl
ne0hZfKN255QClNFXQUkf3ym1xAEmtlbfQch7YyxZrhjNb1r1TXJyeQ2MlZJpvEc
b8A2YoBUSMau5/P63vW8dFutAuP/UAtt5mmbdKJnpoTL1TF+B+lGU14o75zhrlq2
do4ETpbZ+wPSKzJ6QlblJxezf/kA3yih9gZzIfOCIOJTpDIoIcsEna5aXAp94srB
jJoES56SEwcxiRgSPek5cCyh3xs1DgaRqq69nRw92Nt1UyzjCwhBAwAVcxxLf8eo
ZM9h+fkj9ySEG6W7ZRdDhVY3cdNztxDV1gR0nCYPjW7iwFDOh/Up4Hb8TKxRfBzt
PmieI9ogXMINYOCsBucdMBAVnZlnCpWBtqWfg+EUbyd7HRapOUE/N9/+32d05oZu
GFe9r4uadH8oF7o2l9ndCEMm6388jNYN2mXAaBD7zMCU1KfzJa2JOxZ12iGxVRj4
rzuwjBTSiKKAtLkkeQgRroXZlDR3WqIh7PX/+/Jl7fGvbpHlPpoCNScuoQg0/itb
McZDHBxMxz9Sf7xjXwzo0pD2J7DVBwedWrwLgq+SHgLRX36SxZwLXeM8Wd8iyX84
c+xV97Rx2KCrPJSe8IjGhVgYC6W9cmgtmHh/eCadlcF3nTWtFcBzTaCSVTqsLfk6
sGriBifdIiFtM5LlYpnhDsyVt5upjfbJMxKNpbFpp5gZpM9Sr95kekUBI3t9eSbw
cvHskwzRWnDnnNUT1q5QCMZ9rjgYEqUWYuAWeUe2t0w/u6zfkvAbxInX2jlnmn+y
EC3fc8eFo5cvSKc6+VwvA6E9W8R8VPmSsnXyy1rynRa0AC9SzdILQGdQFPwCOoR8
QAiW7OG4Uv08HFScpwHaOZrQ/xydJzxVzhETVMJp1+IaKhAxetLDwVSsV2tYSiBi
jOPI+/Y9VYVK7sICm9lwOjSjsweCwH+9Q+59oCh8WnGTPqdgvbB3jPql1fAOvp2C
RV2w+3yff6WItmr+3JMelpeH6QWk1Ub/FlZ+/9Z1SHB2HM+RBQpRJa4prfaCVouU
ydjbVeu7IT1UdNfu4KnmlM8cfTasjCZGwTAaMZXXfP2PVAO8az7Z4wDU/n8mrgVz
dmYQSFyKaLjECTZny7y6mds1i79VbdBiePqC4gK3uFyqmoa3f0ToNVAIVdV10Re2
JY3ZtKTPMxTWR7zv0pZVxmx65aXebqFLnByOwHGEbUBJi2X4z+ro2L1kYYWQfma4
3ouK+MoNnbhKchNA1zcJ+r8hlD5XXG4y7OOsJrnmGRq4OJOiP4t/LgLEnZT4MWBB
Vv84o0kA5x1H542XYGXGxAqNvKuR2jp6HHbCOQYhA1bg/o4LL60U3LnlFnqgA+bF
wGTuKTFi0XesvtDTGESiV9ObCuYy/12K4eb8+DlzjFzvqFECDjyxodeaSRc4oIo7
AJWrxSUpQ/++Iu9QwJtYvSYHbnsXaOQyfvS+WClVDQqWdESD7rGFd22pu/hHly/G
MD4n5qLb6N2RSBCZlw/tGBgJQnGxKB4u/d2I42U1/c7prjjhlRQmAXM29Zn9VvUB
2A4/4TVmuKlm+Y4SI0/3UsV+TwNugo3lHGVNiuDnK/5vUVGZrYvlfd4XWCmTTPMD
V3AmxwvvZt23sTfs7G/yBL4dX1JoHVLkgSWhlffySuEEpRK1V6O4a+sbcMTRuMOB
tDqJ4Avj2fdvnfv1q2GYRcYgBHk9oDzQFUC4rezebWTTsLQGNa5vWzHaqrnC9+hd
WN3rpc6SgE2HQFUJgUi2kU6SqXvcAYeC8huQ3Xt9VD2O1+PWBTiNN7mNDWQHJ5/O
oG4ATyRdMKf4Yb8m/wJ+tKkPavb+I4Zh97mQ+2f5MUKeFFJ/gs+JXVArJvp7wIH4
P3F0Cu9kI3KRw7KGOIFIh6hBJW4n1zuBY4ioGX9vCL8e+xql+HVDmBjZyFwPwspC
QSVVw0r1lUPrXNQmcSi0qbo6ajZ7IXG/71hB+8xwzO+FRjjXL6VIAmvRxLTg95oc
HimZgBZS/HKW/wbnkoPGJLLdN+jw3Ouc26phKm2UMI22aHskTJZw3EmSdmL/qJfB
DL6nAZLX3vJm/J5GegMg/vUIgvutPokrnKircirqmTT55horT+2kMJP+86Lnk0BL
x5lf0sjahP7X6Z/VDoC5cJMbMLINyHPhtJO2HsfjIvav3vNFA68B7WEEbi/Ar40b
aRxzciM1wV3EBdBA3YPITudj57AXRphUiKW3lhBSIFdzs+d/FH+K6eQ4NtW2ax9p
JZge4ZhtLHeDOdoZuBBM8FSYbpVqspwfaptVOVVXvbqK1tH+Zw7VesR/c/XkEPeV
9Rimq2QBGYYkPm66ss1jGZB9xKAmfxFp6vzyrRLmGQR1/htEjLHx2sBGJu+nljZm
BoThcI3gfs4sbgGThrZ1YsvdYgaOCIad8LRlhx0GMWeQ+E/Ucj1Cr5Xbtb0Zhu6G
V8yOadbm8iDHd61CvEJPB0vjhj01vLvXdItHqG8QMyR0xghzRK7AJR7Ml9LDrss7
LpoEtGLchDwL1KPYBrDq1+71dJEhNHantCGRfmzGm56oY+UC5kpBdXMOMCtCUPb3
qrEc+sm1z1AHbuUQMSWW981v9MJFpEziI95IBNfFm5nbYs+gur7b9FSIzPSf0cEz
kaKNHUbbYuf9pTob6fOCeOE1nZOvRhi7wzmc0tKg6u9c/thUvPSuEYRxUtFSEGfW
AIOhC6Pk2H5ppvVNqqM0ER1aSiLT+NEWzdQ9b284y/NPly2QB85yAI4q1wLHPorZ
Z65pMuts4uYpk1sslJDRpAi/2F26tPW6O3xbA2AumCkORxte9vLrWKJ4B2HhM0hd
lhg4yN6JBdAaLVs924ZWyehIzmiB6PQT4R9eyk3I+FZuQXRYngM2iJZxx9fQlifn
w+e39v5gaJeRCxNyfYi1kPRU0o7USjgUHNAqFPsowJsWZKwZmMOh7i7Y9/QyQ+DZ
Wc7VcFMPpu3C+rChzXyxbVYymYl2g85tFRbvALdm/O7JMa3thv1tDcGrEHVL6iPE
dMhCbE3Y4ntDlt3uOK4jWyzhtxCjUkf31lTjFWpzAxks+CJyUu9vB2YQ/KKujVXn
dC0Hew4HyYZQUnEBfE2H13x2uFqL4cBGTffX5BCoSrKFkYFTNVC8CRmVhXvFMry4
ZQ+LvD2S7G0ZeeozQ7tvwwSmwDJcmTQGFlEHHfaS3ueEubByb3NMPe391+G2++ZS
2uDHzSPeId8LyMuavOx4pcQICqT4ijfj5wUnQfTQUSYBLkIqeacR8aYN2Jk2boc9
BSvXcm3wP6ifEyC2rYXndDW12WMj03nsdPZvYHD6wTYq6Ms+VNd0/n0xXM0OeQFk
RWbsxFZvDyC+28DvXgT+StsB1Btif89Od8kf3a65ncXRnHTz4gr2CHUcR30+OK6f
Pp41YznCJcIjhdwYl70PuklXDgt/PUZWdEcB0G2+q2kbV2Uu+uyLYOFpjtIf4twt
mB557QTmCld6OnZS1kNm6npvcsMY3Jkew8qicJ0oczQ/uqgRxfnAuua0NzHqrrin
CzEE7mzqwrIOXUWtWfg9DtXHJ6V3NNOBOQvTbGFhGS7wIOWStdEuGElqHOgiib61
EOCp8ZBod8gBSu9gfzWcr/zJ8ObNdPc9qgl/7swe9LBjqwZEZ6k3HjP4bFo7J8gt
llXGF/hrhSDjBHMqJaKjivC4TAtMVGAw9Ul26qAAda78k46mE5t2poTPxga0TKvt
xJO2S18cbKDsnnj9KSFxXH6PRSQrJ4d1wMec4MSlSw1Hh1zsGA7vIeICK2QSFY4N
tGou2Dw+PFaw9PYteRLiMHTrFZavkxei8b1PQBIWitD6BaWcwhMVOBIJkt1TVzmM
lFDBTrzzSO2ZeETt1mcbwJ3aVRgon1itu45uH4dm7QlS1nxCWMFqxpWnS9Jg5qoa
NmJqh05syNg07e0+wgBCZzTT6eDj1TUGhAf6yPJbe//h0glFQeuzQccDeudqSD5f
+pix7cOKJNxTktB3n87jMGemBI+wpqvhAFuzXx7q4hIFUdj8ODhGeHGoG/zHkUcu
e7pydeHhyOMbiGQ+NxCFIpAIA6cuU8Ddiiq2CO0xF4MnocikU1LwEzrWMkLhQPmc
66cOLv4tPE0avf9Iqu1boBD/yw+cJZRfRnRwBIUCIdhl4vbeMs5GpxVFnU3SCUVI
ywTlbq6DKETEM0OIeT6R/XV0E/38DDzkcNnKOb42v2564x4x7IqoON5VHxq1aFnz
/9LS+PuzN4LUXcqGYNG45zRRO1PiHSPLvIvR+nHA8lwkItJf3gOCe4Y9ysQZXo04
mCMI4mE5nRVrNvFQ/kkHmVW24aAwaQk/kURKD0y0vWIkOkYmSGbAmAdaNilPo+aR
PlhWk2PJFCci5iDskXTz+b1bhB1wefFBSxU92hKfTy+bFyVYAZXWvskAvn5M5usv
wMUfeMeXQRznqbW0tjkMhVILKZrTEwrlmpwjyQXPusbM+inb4PLkc5o1cMSB4WpI
qXCQrjaNWOHn0NUg47vGH4jL2gs/I9r7n3EEaXwNr96yJ4lE4ocfPEnqqT3mbDI2
coX+ytQfpd8wQAFumHQaVjSUcjZj8w1HhUgAo5Vt9hckpfabXKrCQh7+UPTYI+AK
m0pxSdLqaaesOWdjQHvPywg9nuiA2eC9UdDHJy6EdDDfJF7yF0vmINnUT5Go/Wh7
h8rWL9Q/76axY/qxe7TwQPZACM7z/ASnNaGF+QDBCGav4noPsCWPQC/PwXuO0SOc
EViVjx1n6eLzhDgX2UEuVQBw0eXOqP61sXB4shQdGlt0RYISThP5t4H+pDHFwNVt
TZZdjRjpMW+muv5U3rGF4/ZYPLdpPnSaAwWcJcDHd40KtZCF6T6PEjG6gA7Cw6Cm
IR/QsWrmz4u0HSkdH4RRGlXzKkmE0VhCL4GYF2W0gElOqRKRFpO/nYnNEpQfk+oY
emxAETQQ4SG8IoNhgSBFrXvcTz/5f8XdoFtI21+xJ+ejic9p61IPFbl+ZaNBviP7
ZHjdfzTxu5GrL+/iIeHy56Ji/PpF8D7DkGWL6s/aeqAI9LCnZaUtMfTLJ1kxlozJ
pj2sRTxu9YmcSUKJQyhKahiR973I5+Rt1M10x5gIvikKFWDgJh4DdH4gmcg3EEN3
6KSZI9PsWFPcXYxrGU63Opivhu7HTnWFH82LcWmbhtjypPj5V8zDGMuZ4qjUkeyC
7AGMw/E0g7k3hefAJwkORuPTBHuSIoewzCDqsg031DSb6Jv/hW7xoI+PVaXHjAxi
QnlkQmLdEbCWM3castNDY6eV8qL2tMQJYYw0sFNceWuxv/0JOy9P+xMhbLceoDDp
86dgBjSg1uY4CPS5AKhXEyDLU/vWmL0PW9vk6xEKz3CKP9sHIko+i8jTk7RJetvD
iBy/wSvC3XE8LzObK5tbEmW8RSBq4bggFwDQSYjm23cSG/ze8905nEsKFy9iiZ+/
J9EMWUfz5YZKGw81Z74dvLX1sP94N2HBygNRRU8/8gG81NYIoyYy8zeidmTPS74k
ztYdRKzxrFVY2L69/HLN7zFFcubKIZBPZBIbqvyNeH+DaR8Ts68csGe1PuvYXxMn
ArMZ+O9jWdBfCxcMT6AGp8suh/jLKGGa0ClxV6M9GUeZmx+otGTpjhkhtw/5Oh4l
+akCpwXWWklclVrbjA6wlRGZJWYILsVEIwTk5JykaAcNGF1XHPu9v4VIObWBYiWE
GBpss7sL8TRHssMjIsNB5Fgr70kY930g8jnZOMECNjxQDST6k1SpKA+aG1M2NzyG
/LY2rVAsPjBc8uJRg+3Qt1GBkiqkCICX5CbWduJZQeZ+3VkWkjWKtTj+oLIrOJQy
5lT8u+9HOlmeCmvtIAqWCYrUFiU/DmaswM32EQqPQtTtfAmuxy6ygPZMMSdDxws5
9cazhh1ait/ykfSLiorRNuRowTt0cTR0BkfVh1Wgu0U3WB9Nz18Xjcr9Jy4LneYz
6zupDCI8+evER5XS89HIed6M3zLTbYOH+DE2Pvwvq4gKPMaoM5xDwmmyN+ZPgSe6
Bsfpkf+MQO+mxSmoYCWQhT+oFmu4gLBGh5Ds/GK1SuGfqNdDTe0+W3/7L+Uwry0B
Lp3KcCgV6AJDQWxSQCYfXm5r8Q0K69L1HkUiCtPwwlZl5EavGV0uqw5JA5BJZT+I
D0tDykeeNLrimTbjQEnbIbroPhiKSZCG8UwkngTLtzC6Nrtn/MXsFJmRX5ZD2x/S
9X189wxnUp9BkFyaVOFFD1ibAND7EVOkidQ8NAwiDWhvMA0jpqy7swhvgq761f5J
jaP6PCT/dLickUDe2gaLtXPNTBXNXW7EUrwXjgGzIMt7PvL9jatl57pQCKulhmJb
EtzlDzf/cX6zOwYkgRbvizrQYl3q0dJD0YKOPP8i+cixlckNFw4tZjmkjcKD0+ek
wD8mgB4bvNgKLsyWBsd3QJhfccLA3MNMD98SB00GKg7jU+krCr11TQXahKhHpfwH
eG/2Vw1Pm4Th0xPZK+bJ0IBmT1HlQZ/pFqPP0jCeNPWmEF0hroCzABEE+/uua3oC
GQge/zhoF8lrZN1RvaDT1wrixH6EfyxhI+BVjGya7WmdA2zLS5fgSwDD151IZYOK
u7R2vYF7OTd8YAddel0I7Qy1B2SW90KDYEE/eT9V00EtwW0nOI5zFzQtoK2iP0Q6
tVm53/xs0yL/vsDxSbmreL4O0+vcIrimau4J28qW7UvY427Tbm01molM2mKZpbqm
jId3koKs4oyr8uo9sHKzYWS0KpAhQ33IeLje/XkSJLUQLq21Y+OYqWCifjbiGaTl
/NrweeaobBQiULpmwcFLA/DHaBbGp/3wFOWSd6yXMcAK/8aPG9tHRAHkjN5vudCB
MTBMYFHFYeCo212VBAScC79FP8nfOHWdYnFeEHsOM/DfLXa3tnfPxn0J6c5a4Mz/
rKE1z20M5D+uDSz16TrGg2e+b5HJKHIQ8Vw6VEjmzM9XElGO+d0UbQdyCddDKhGk
asLOud69R6ModF+qvhjNi/DLOc5SvxIaU2rHw/EcvpZy28olrI4ih7FcJ5ordviC
vU79YZMW5Cx+3LJnK0IdUEXR8CYF//vxlCV9E6B0TsYYMXI9Aknyr+3hnVUvo6dE
GuBWhp1iaaGP1VpOSfTAksB6LZ0D7eZA+itNAbUOaeKMFmyf06Wrc5nkrbCkAjmF
xQMbSFfsnUGERGfpXO1t8DjsJR0iziw58yDZ8E8RpguksqbHQgIJ43/1uTc34pZO
tiF7s1MGwI2saiXOYx5NQXDv4cB9kGpSShRpUkrc2PvZ4+SKY8pJyPpFoahvPI5d
Ul3I0FjaFCIGyK5Td5WFIZcyU+DTg3B0GpnVO55zwjJAlo7jer08kAHSLuEsQD24
bJlGWhVtzctpJp9mqqY3CCIZOrnTUcc2/eu7iGJ8rFHg2H5k2MJBfapYPP0XV6+5
rPHyZ0tx6QpeJAR7cBoGjU4gSfh0R3fSN+BvXzSKQgv1WKmlCdMZd9G065J7fFQw
3eDb/z6vz/1DGczqN7OBN9dNbnMQqPlKPewF0jIhZ7miRasbdG15ktNtvdVFYviv
xkReihsMpUuksWODWmvVH5zaB3VlWOYSJW4oqLNKOTVE8VRrs8P/h87xlWc2VcfQ
0Qn34PhcI+lvhYD31XVAxhNXylVYnZBvUEdI9nFVRZ/RWRyZvkj3wGg/d91MCY8F
Uld+KTsl6AMH6TNT3B/HRtlgQW85XTHJAWuFsHRl6ghpdDSVC9AzPo8fr07kq5+T
podUAtE4l6Fek3LhitfqDDDsN2rHa5j3pWcoOB3VPF2xzjFhhITlNkmkwFczRjxs
8BwxH3r7XwjTtRbPBNom+ka4y+IFrJdSutwWR74ZkeZDfyeOYhxqluUCqcjYDjMj
vjSh1Oi3xpDN6ENFeSPRZfFSzBSY0XKbGbrSoZfkzmBWZm71ahqTRyzNr+ktdW4j
5u4SCtx0OePmt01STQFEC392/hZLzLhKuOU4oBn0OU9NCH+m/yshPm/HgWZ5Rtko
R+aW8i7ArvI8puf6x09u+wzhb1VShMBRe6bEg2SzQA50DOOGXUW+TWabSBVoCcnQ
kf/vEwFcZqa61g6B2aQLwutf0VNJl4foR1rOzpbQW5fGks3xsA1JyfFDudOM8Jub
T0kLIOLa9UPCmWjw9w3GFSVBJD/S6GWGU6r4lf59L7b+czKMfBm24lk0p5xZOJJB
3vlrJpNQIpcKHYg+gaEFK6QH+2jUo7T1j7yjgnpIx01VQMIekQoEvidls9KGpiup
O6Ygax7fc/zXC96pytZLNXq1TpjCJstv5qBunAereecUyodkP12ti23j1el9vVCq
ZwNVTmOeLcTDWPTR7KcfQku7mGNWtahvx+fhYSIeeeg9OcdTa6dzzOFDoXoDTYk2
G3mLiT4bXPVQpBBo5r+Xr0NjhViV2/3YRqe5Bn9X0gNTyWdqU3AqCXUZWbV14uUr
ssUiV5ZbgP6bbh2fTQvZp0d+ucOSxv3MMxgJB+hi33UdMN7jMokTK98Uij14I17D
UkXqT/jYPiNoFNj6hlf4ZiIdTm7oItVUPcYLaE4dOAdooUyTsIt1TWRv1gpihVPe
kf06NDjX3dWwG0yDLp3lKONpSU87YnPeKo6/Ew2Ua6NG4EFOmsVJ0Qazx+X0jiFa
WzeLFbHhxgSEZJXy52u/aVOiOdNhB9gvZaZ+OHkzIMAtPwsPVb1eu4ao+ZgmoGux
Lg0bnhgk2csyMafX/dVTXqhepPidZsEo5aK5QXqaIlhGOmxc7aOm0eFPgQiu/90H
mbuv2xk6wDTp78t1Coo3IAn6+MeVopv3bSU4WpcIKvLoZaIKOs7rc8YQRGG9h7am
ox2oGTdzmvi/dzHm94jlnOFMJjwuh9/BvgStM2S+z1J7aX1arsjNLOiyYMoEsKD7
faeGsVIq70Z+ALmIEqkyc1BmHxzBDAzpLUyFk6swyxyFk+7iwDqBYEnlLW0XGzUr
n/OpiPb97QrO9TVM9oZARD220h9b9scP/wmRE1gl9DSDYj9fNoON6cp6BLY95t0R
c8Z7Zl4u7Z8rnpYCh/qlHS+YRn5vK3tDLEJe47KgmsBSQvSp2bsjl6t2+2nWdFPC
UxFlvZrLlV+tVtkDoDSbM+ZbhfNKc8e2O2cdbwd13o4GWGpnQrpK7Tscy93z3izN
z+JRfkxON/ie9qQX2en41eZmZpYwl88iQF5tJJsO+vJojdDarzPiJQjyxQdQsos9
pYpvP9Om99zfBtVgBUde/UTjAb5tei+yrnNVCrFZzUHtuAgQcEf5Gn06jZEfby6z
seb3o8ZpGGFj+InSmpuGuoQK9fmtlmPE/0VAFp1rHjtVYhN0prgRu1OERBKtnSRH
9ymw4ZRdpXkb0N5MH5HAUWMHLJCx3/+QAj1Vpb0LnRPV/yClreZnXkp0BfXT/z2Q
SZ/A5/YnI8ke09nEIFeeRaK+iyM/6vnNToaPXUjJtds8BWv8l+KOCFzndIM393cw
4+j29iyyVj4yEh/emH6cYDvgRTWtu2vFsrfILJnGqDtZ1kAfoMGhabJcxGLYcoek
KHTFYoP4Mt/zRtWTueg7r/xYGpaPntn4uaIF0AO7qnVuWshD1ClrbDsRNvsrzbzD
DpgSpPR6aADzLrnE2W7NzAX4AoBnaP0ztRlcKzMh5F+sjlOM8L51SaLfl2cRj8GV
h+85lxfaBqEvshpkBknK9x0CWoQOKKkpuWLzS83VP5Ll+kQJrHGDOoS2Qij9X8Yo
57xKhtKvyxa8CZbA8WKDeF3rz7xiOhqGclwEnmln1k7yrGcoYCsMaXdjbQkfWJYI
L7qWdkdfCf81av5ArVZ8mgOLtETz17xMwsBUj80WFi5LJEOzeuevUTTNsJ82b8gb
r8MAS3utUVK9y9LzogyT3cz7aiAHNS6rEphqHyb5Gudgd+Fn53vyDBrdBKFMvhDQ
dv+ieU47hQaih+r4eaxTprGPl2TwJRMSRdeFakr7eom5Xf30o8xwlaYO8BRcnl3D
ZJByY0DTJMr6V5dg8+GQ4ihcgZD7z06rrMPJK9vbopbSZzTPN0x071ycY/UVR29w
Ialc5UNnKkdO2iOIfdFKTJwEhT55oq/gfsZqFKD55zUnn4Vl1KumGjfgrxW4RTyx
p6RRTHx93DFNNzYvLGpdXVWGVdh1CbKegg0j3cSWsXnzQlPIiVKh/kKAMLGnEh25
gLhQhwcBkmqW4MHXttzz8eRZoSKbytQgQoUG5bLuDqgHosyN/vdVRzyxtKtyUdeE
rF8UY/SWukoM4ZdVbtZtIllx8j1HbGMbaUbfjLMhm9ge2sSNInNf+mhML+JnEnXf
V+eJIxS0MNAcbm8esHfZcU3sSnWlfzioLcdPT3QSEnbL2+5TlAyPZ6o6WV0NxVdP
kggtlQag3+6Po7RHzwp0E/Oq2KuipuAuaeNQv0ZOIDgttkdS/stfJaowEoop2mia
wDELJUCAHw01mOg8iKwEJP8VOXJLCbu8yIWgjBe14LtisRKNKDgnLRfuMgk24iya
bv0cNsd0mKjkYwEhydDc4mFzcjUHSkNwmzvygJkpES26L+oqMdlr0jKwUSFNwnIg
qMq28opnGABYdk0AIMKlb6rCvV0GynLT8+gzl7btAxn5lwAaJlqMhYjjqfWyLy6v
/nX8hpau3rYxKrjm8oRPne0K8YeGQHBbGlBf/Tr7Muenosic607CmFPXgmc81KwB
SHTWkEy0khkDysXRx6brttkdVyEkUKCis0m6nnpFRiDUw/Q99jSuCVco5c7+NC6b
ndR0WwVcPyBP09518KSr1UGDaYWrUlrYPL3+K+bJ78Pd7PDINH2CGBu7Ek/CPLjt
yUBevav7tRViBZ48Ip2IPI/jbvjdGITrVBdiN56mLyk+qBK+/vXlpa/zYwdioNcN
0/2o7bkW5rEoWLP1z/oaycSBdZtmCrbrFkvYeIjjCctfBwwQPYY37nhUoeme3+S9
CTk+dDH+Z1K5HxdnpW001dRLfmX6wx0aGKa22UgAKKYLQnJpAzVg1kKeY/04pKQD
kdwyB1pyavgDYKx8OCn6FpSNd16dQO/vMjhSlXWgH1LNmfLvuHJ0oryIdraukzpb
WjwhCpOYhmdTcgIi8QuRLJsXRLRKPBOvuTSfm9emjZrhBAqB5XnJuO+FGkO1jfQC
PDdQ6yohRQABsb8RNUNSzRzfbg7XrjTciTQ25v9apPPOfeM5ysHrEhNe6V9K7G39
bYk2GtmVq/nTAk1L89ulDQFxg2YOprhbK/lOAKu1pnbVGDmEk7YdjBovP8TskyeE
zcDuqrb6xP9xwdO0VOl3RytaT/ux5B6GFLXATmJQ8oOFAjFhhtLYyH5svM6rA+s8
r0HpE5OTQbURErFqRi1v5RCNZ2VbmmW09Sg/teTXps7jKSid58HyfFdQ+Z701Gy1
BbOXkYEK1Nl24RmEuAyMbF9lKkuX7+JhUQLNCs17qJmUMV8w2L/T4/Z8p1eULxBp
tXhYjMh3VdIgVnZ2KE41tPUbAwA0InD2YpVryul03gd9wUkrDVIGu/2hI3YV+xQI
PytjCrDTWbowIwG7GtfS4AJi5M2vK7KmrNeYWNiPiea9/0FD7lgcF8sg9Piba9Aw
ZxWdruOdgDMUe9ubtwN0zW62EjoSh40SWubiJJtA4T6Ygz5tAHl4CizCjidzgxlW
QlJwPig6TiLfV9HkzecllU+4dI33r5rxPs5UFsNG/nq8aG7iN7JcS3wdN76dO0mt
TmaCdtyUhpR2z3OADAdeWBtey9aBH/n8moksIkjDiK0pjhqjoJlnPtT5uW/dlMGH
H4DTBeDcalgCCu7+/07sQ5d1sDAgpCNr9E/5Qkr9VcuyCvRon4UAEGSX1LSMBx3i
L/DxTcfAeNQI7D+NWwXLEO3Qir5O/DHDfNevSMkobOBtyeiPbJAvxxuxA4X9XZvV
wraTQmKvIUszE93UMjMEW+Pt+kwqi82ydwJTTaQm53AeN8+4oZWn39yCO0c2RMv8
29LsYKD1SD+MAjgASiPNGqeH6aC8VIFEHeh8lmIQ/CDKzSFvskzYkS997LY9qTYo
buaoyPSHuSnYgzJTBg8Dmi89rzR1vPlk7K6LwiPBCdEb0KeILvle2FB42iEwdWfC
QTqjVYs/xYmDMnekcbSf/yehHlV8gdjEO1x91a7VqtT0W/4r9nb2pIssls1aiL/4
kJc2f1JyJZyX2CpvZc44e/jrT186qr3JKI85fLDfyT42Te6ZiKWSJZfSHBd3SZ57
FQKHcakfMj4iga5GMSQgny6rKQcaCjxuXpffUysDmQL/CwK/MZClae0t8Zo58xqn
t18p/Go43TlwkyEDWXUCvAA7raV7EqrFgvVS+4vFVcgCZFdX0xSKEdt6I+pWQtgv
JZugdhAFDpTEJbo0taQxI+zv/gNRfai2bxFTlGYKtCINw/zWR604s6d4hDgHNcgM
KAllyp0jwvOH+kcXIISkR0+z+iWwpxDKsoqw3tErmZM4pHhdSdzVqn1YeOqkw1/4
2NSosMSGFJPJCc/Tjzwx+FiwFWI3KWDq9RPO5nc6nt/dT6iH+4RZfq+0lzPUmoBQ
OOyYlvM98iN8ux+EBSBktpszFrkQDVevNqgjEYxlKsDzSuxn3sbwUFEyFtBciHGP
MTZQRtlYzeC9/mA/YwNjcdUjLvPbjFMlVHZnMK3MBePMvC7p2MANqDOw7Hh858Hj
W/8Mc5e9j+Aewpr3TKJvScUSUtIPDVOmWPVrN08MJ2/06gFS064O3D7MVORLUdYH
zwebZA3xbqrrLaWDl+2tVH2jqYno/FUp3TrNyIhF8LA98QgDZnvkTJJmkOYYnvcV
ZSJ7cHNStqt19RcmSyU2F93qoRuWJctcjpsgX2GOoAd+/3SubJT8vRHpEjwQpPVb
kQ3O9fxYAfyEDuqo8MZTKmQyt3r4NeipXYM+bClo5s2YVv9kGlNeO4X+FNyCqm3f
7G4T42ereuNAYfIkW5B1U+4kTwgIESJfRbTSWzPYzGIDBMFVUN6ZnWuCN3aWRHj5
0540RSZxmS5uCpU8n8zE/jihaYv4eWRNdX4rIA6NFAEgE7QG7TqnSDtZBBEe6Uep
m5+gtbspLOfIxIfJmB9WRTt4HwRH3Y+zYKTVw9k6lF5KoZhGrO3Ahxg16++ETBgG
4PaXr8O6sJIJZ3XBM9mYnRAqyiuq/YDcs5zsZcBl9vpINqsPOA/tUBhZGTPq52Sr
IaDJdYHUzzQgr8LT/NPeGjm7lR+d74Xp8R/l+fV0GW6vmnxwYGOaKTrBEXGxIdcF
rWwH3YeOxA5TVDlIqC1nPrGC2cBVucGqsnIH2OFDOydUQ/Z3VcCws7K2BMJCNSeq
leViGW35sGCj0ful5sT4AMwm8Fj37SiQd+H/PyLbc5gQy2F+Y6JHUc6ANb0BFfk0
t4+QsLswVo04/+7NI5fHzJ+gIsJP0Mxp4FjMxRWkipdNlFOUlleR8zae65CGZEyl
p5BPApZzt7wrVoEUJlFKeXdtCzF92/3LkORV1A0ufMXQc91sQbYZ6td9raFecCyv
aNwTSFcsfE0x23cONVdM3CF1alRLoEwt8u4DqGZZT+ctCufdQ5aF/2FkuPjzJjvl
jSL3wo2R4LlGeqVA/SgWBNmGUXvsViHBVWOgPo4l9z21Um4cZcrzR00RhDPq0NZe
IHzOC2XLcRyDvJy9vVB8IrIaPbS5dkpEuuMReZUmdUEj0BhPyA0bRmnfkTEkP4tQ
h/QDtDh/ZHF6iWJXGD9Ik2xx8Oa0Ti+vzshBfZp56RxecoIpS5GwwocXqgU2UF9V
AxgGC561xhk9ZfkobkQf45sclrCfk5pDzUmvGUl4mjVbpkaeOjYVPeOqmD/ODv/i
msx/2fUxjCh84YfiEuyV6wmR5SzbkHUxkqoy+aZOetqF3yiI6/ZLtV21PtmMrlOb
PIrWUUf3nNX+syDyPxrnH0GZDKBTvTIAKm+Xp76y972tdG5M6eRNrI4aAoAUoyMY
FcfXs2PEiFNbirXF+OkXn3OJ2I82BzbmzFsaj3GP4r2M/v1+mX9uK/pGkF8hzYlU
o595S94vqOA61Emikci5KPyJPIFoJ4dbAFcJBXxEHXM=
